<?xml version="1.0" encoding="UTF-8"?>
<coverage generated="1749285232942" clover="3.2.0">
  <project timestamp="1749285232942" name="All files">
    <metrics statements="34" coveredstatements="27" conditionals="26" coveredconditionals="16" methods="14" coveredmethods="10" elements="74" coveredelements="53" complexity="0" loc="34" ncloc="34" packages="4" files="6" classes="6"/>
    <package name="app.(tabs)">
      <metrics statements="2" coveredstatements="1" conditionals="0" coveredconditionals="0" methods="2" coveredmethods="1"/>
      <file name="index.tsx" path="C:\Users\visha\projects\llm-app\app\(tabs)\index.tsx">
        <metrics statements="2" coveredstatements="1" conditionals="0" coveredconditionals="0" methods="2" coveredmethods="1"/>
        <line num="5" count="3" type="stmt"/>
        <line num="8" count="0" type="stmt"/>
      </file>
    </package>
    <package name="components">
      <metrics statements="24" coveredstatements="19" conditionals="22" coveredconditionals="14" methods="11" coveredmethods="8"/>
      <file name="ChatView.tsx" path="C:\Users\visha\projects\llm-app\components\ChatView.tsx">
        <metrics statements="21" coveredstatements="16" conditionals="11" coveredconditionals="4" methods="10" coveredmethods="7"/>
        <line num="23" count="2" type="cond" truecount="1" falsecount="0"/>
        <line num="24" count="12" type="stmt"/>
        <line num="25" count="12" type="stmt"/>
        <line num="26" count="12" type="stmt"/>
        <line num="28" count="12" type="stmt"/>
        <line num="35" count="12" type="stmt"/>
        <line num="42" count="12" type="stmt"/>
        <line num="43" count="0" type="cond" truecount="0" falsecount="2"/>
        <line num="44" count="0" type="stmt"/>
        <line num="50" count="0" type="stmt"/>
        <line num="51" count="0" type="stmt"/>
        <line num="55" count="12" type="stmt"/>
        <line num="56" count="1" type="stmt"/>
        <line num="59" count="12" type="stmt"/>
        <line num="61" count="1" type="stmt"/>
        <line num="64" count="12" type="stmt"/>
        <line num="109" count="48" type="stmt"/>
        <line num="112" count="1" type="stmt"/>
        <line num="130" count="48" type="stmt"/>
        <line num="133" count="1" type="stmt"/>
        <line num="144" count="0" type="stmt"/>
      </file>
      <file name="ThemedText.tsx" path="C:\Users\visha\projects\llm-app\components\ThemedText.tsx">
        <metrics statements="3" coveredstatements="3" conditionals="11" coveredconditionals="10" methods="1" coveredmethods="1"/>
        <line num="18" count="9" type="stmt"/>
        <line num="20" count="9" type="stmt"/>
        <line num="36" count="2" type="stmt"/>
      </file>
    </package>
    <package name="constants">
      <metrics statements="3" coveredstatements="3" conditionals="0" coveredconditionals="0" methods="0" coveredmethods="0"/>
      <file name="Colors.ts" path="C:\Users\visha\projects\llm-app\constants\Colors.ts">
        <metrics statements="3" coveredstatements="3" conditionals="0" coveredconditionals="0" methods="0" coveredmethods="0"/>
        <line num="6" count="2" type="stmt"/>
        <line num="7" count="2" type="stmt"/>
        <line num="9" count="2" type="stmt"/>
      </file>
    </package>
    <package name="hooks">
      <metrics statements="5" coveredstatements="4" conditionals="4" coveredconditionals="2" methods="1" coveredmethods="1"/>
      <file name="useColorScheme.ts" path="C:\Users\visha\projects\llm-app\hooks\useColorScheme.ts">
        <metrics statements="0" coveredstatements="0" conditionals="0" coveredconditionals="0" methods="0" coveredmethods="0"/>
      </file>
      <file name="useThemeColor.ts" path="C:\Users\visha\projects\llm-app\hooks\useThemeColor.ts">
        <metrics statements="5" coveredstatements="4" conditionals="4" coveredconditionals="2" methods="1" coveredmethods="1"/>
        <line num="13" count="9" type="cond" truecount="1" falsecount="1"/>
        <line num="14" count="9" type="stmt"/>
        <line num="16" count="9" type="cond" truecount="1" falsecount="1"/>
        <line num="17" count="0" type="stmt"/>
        <line num="19" count="9" type="stmt"/>
      </file>
    </package>
  </project>
</coverage>
