{"C:\\Users\\visha\\projects\\llm-app\\app\\(tabs)\\index.tsx": {"path":"C:\\Users\\visha\\projects\\llm-app\\app\\(tabs)\\index.tsx","statementMap":{"0":{"start":{"line":5,"column":26},"end":{"line":5,"column":98}},"1":{"start":{"line":5,"column":63},"end":{"line":5,"column":98}},"2":{"start":{"line":8,"column":2},"end":{"line":8,"column":40}}},"fnMap":{"0":{"name":"(anonymous_0)","decl":{"start":{"line":5,"column":26},"end":{"line":5,"column":27}},"loc":{"start":{"line":5,"column":63},"end":{"line":5,"column":98}},"line":5},"1":{"name":"HomeScreen","decl":{"start":{"line":7,"column":24},"end":{"line":7,"column":34}},"loc":{"start":{"line":7,"column":37},"end":{"line":9,"column":1}},"line":7}},"branchMap":{},"s":{"0":1,"1":3,"2":0},"f":{"0":3,"1":0},"b":{},"_coverageSchema":"1a1c01bbd47fc00a2c39e90264f33305004495a9","hash":"4f8ad3f32bbdf1fd7d690133b318756c5c8e2dd4"}
,"C:\\Users\\visha\\projects\\llm-app\\components\\ChatView.tsx": {"path":"C:\\Users\\visha\\projects\\llm-app\\components\\ChatView.tsx","statementMap":{"0":{"start":{"line":23,"column":42},"end":{"line":217,"column":1}},"1":{"start":{"line":24,"column":34},"end":{"line":24,"column":57}},"2":{"start":{"line":25,"column":36},"end":{"line":25,"column":48}},"3":{"start":{"line":26,"column":44},"end":{"line":26,"column":72}},"4":{"start":{"line":28,"column":29},"end":{"line":33,"column":3}},"5":{"start":{"line":35,"column":24},"end":{"line":40,"column":3}},"6":{"start":{"line":42,"column":28},"end":{"line":53,"column":3}},"7":{"start":{"line":43,"column":4},"end":{"line":52,"column":5}},"8":{"start":{"line":44,"column":34},"end":{"line":49,"column":7}},"9":{"start":{"line":50,"column":6},"end":{"line":50,"column":49}},"10":{"start":{"line":50,"column":26},"end":{"line":50,"column":47}},"11":{"start":{"line":51,"column":6},"end":{"line":51,"column":23}},"12":{"start":{"line":55,"column":34},"end":{"line":57,"column":3}},"13":{"start":{"line":56,"column":4},"end":{"line":56,"column":27}},"14":{"start":{"line":59,"column":29},"end":{"line":62,"column":3}},"15":{"start":{"line":61,"column":4},"end":{"line":61,"column":44}},"16":{"start":{"line":64,"column":2},"end":{"line":216,"column":4}},"17":{"start":{"line":109,"column":16},"end":{"line":123,"column":35}},"18":{"start":{"line":112,"column":33},"end":{"line":112,"column":65}},"19":{"start":{"line":130,"column":16},"end":{"line":137,"column":35}},"20":{"start":{"line":133,"column":33},"end":{"line":133,"column":66}},"21":{"start":{"line":144,"column":14},"end":{"line":160,"column":21}}},"fnMap":{"0":{"name":"(anonymous_0)","decl":{"start":{"line":23,"column":42},"end":{"line":23,"column":43}},"loc":{"start":{"line":23,"column":71},"end":{"line":217,"column":1}},"line":23},"1":{"name":"(anonymous_1)","decl":{"start":{"line":42,"column":28},"end":{"line":42,"column":29}},"loc":{"start":{"line":42,"column":34},"end":{"line":53,"column":3}},"line":42},"2":{"name":"(anonymous_2)","decl":{"start":{"line":50,"column":18},"end":{"line":50,"column":19}},"loc":{"start":{"line":50,"column":26},"end":{"line":50,"column":47}},"line":50},"3":{"name":"(anonymous_3)","decl":{"start":{"line":55,"column":34},"end":{"line":55,"column":35}},"loc":{"start":{"line":55,"column":56},"end":{"line":57,"column":3}},"line":55},"4":{"name":"(anonymous_4)","decl":{"start":{"line":59,"column":29},"end":{"line":59,"column":30}},"loc":{"start":{"line":59,"column":49},"end":{"line":62,"column":3}},"line":59},"5":{"name":"(anonymous_5)","decl":{"start":{"line":108,"column":33},"end":{"line":108,"column":34}},"loc":{"start":{"line":109,"column":16},"end":{"line":123,"column":35}},"line":109},"6":{"name":"(anonymous_6)","decl":{"start":{"line":112,"column":27},"end":{"line":112,"column":28}},"loc":{"start":{"line":112,"column":33},"end":{"line":112,"column":65}},"line":112},"7":{"name":"(anonymous_7)","decl":{"start":{"line":129,"column":38},"end":{"line":129,"column":39}},"loc":{"start":{"line":130,"column":16},"end":{"line":137,"column":35}},"line":130},"8":{"name":"(anonymous_8)","decl":{"start":{"line":133,"column":27},"end":{"line":133,"column":28}},"loc":{"start":{"line":133,"column":33},"end":{"line":133,"column":66}},"line":133},"9":{"name":"(anonymous_9)","decl":{"start":{"line":143,"column":26},"end":{"line":143,"column":27}},"loc":{"start":{"line":144,"column":14},"end":{"line":160,"column":21}},"line":144}},"branchMap":{"0":{"loc":{"start":{"line":23,"column":45},"end":{"line":23,"column":64}},"type":"default-arg","locations":[{"start":{"line":23,"column":56},"end":{"line":23,"column":64}}],"line":23},"1":{"loc":{"start":{"line":43,"column":4},"end":{"line":52,"column":5}},"type":"if","locations":[{"start":{"line":43,"column":4},"end":{"line":52,"column":5}},{"start":{},"end":{}}],"line":43},"2":{"loc":{"start":{"line":99,"column":9},"end":{"line":163,"column":9}},"type":"cond-expr","locations":[{"start":{"line":100,"column":10},"end":{"line":140,"column":17}},{"start":{"line":142,"column":10},"end":{"line":162,"column":17}}],"line":99},"3":{"loc":{"start":{"line":147,"column":18},"end":{"line":147,"column":62}},"type":"cond-expr","locations":[{"start":{"line":147,"column":35},"end":{"line":147,"column":46}},{"start":{"line":147,"column":49},"end":{"line":147,"column":62}}],"line":147},"4":{"loc":{"start":{"line":153,"column":20},"end":{"line":155,"column":45}},"type":"cond-expr","locations":[{"start":{"line":154,"column":24},"end":{"line":154,"column":45}},{"start":{"line":155,"column":24},"end":{"line":155,"column":45}}],"line":153},"5":{"loc":{"start":{"line":201,"column":14},"end":{"line":201,"column":62}},"type":"cond-expr","locations":[{"start":{"line":201,"column":33},"end":{"line":201,"column":46}},{"start":{"line":201,"column":49},"end":{"line":201,"column":62}}],"line":201}},"s":{"0":2,"1":12,"2":12,"3":12,"4":12,"5":12,"6":12,"7":0,"8":0,"9":0,"10":0,"11":0,"12":12,"13":1,"14":12,"15":1,"16":12,"17":48,"18":1,"19":48,"20":1,"21":0},"f":{"0":12,"1":0,"2":0,"3":1,"4":1,"5":48,"6":1,"7":48,"8":1,"9":0},"b":{"0":[12],"1":[0,0],"2":[12,0],"3":[0,0],"4":[0,0],"5":[2,10]},"_coverageSchema":"1a1c01bbd47fc00a2c39e90264f33305004495a9","hash":"6d46138375f86fed9683d03ab8a70be94325b6db"}
,"C:\\Users\\visha\\projects\\llm-app\\components\\ThemedText.tsx": {"path":"C:\\Users\\visha\\projects\\llm-app\\components\\ThemedText.tsx","statementMap":{"0":{"start":{"line":18,"column":16},"end":{"line":18,"column":77}},"1":{"start":{"line":20,"column":2},"end":{"line":33,"column":4}},"2":{"start":{"line":36,"column":15},"end":{"line":60,"column":2}}},"fnMap":{"0":{"name":"ThemedText","decl":{"start":{"line":11,"column":16},"end":{"line":11,"column":26}},"loc":{"start":{"line":17,"column":20},"end":{"line":34,"column":1}},"line":17}},"branchMap":{"0":{"loc":{"start":{"line":15,"column":2},"end":{"line":15,"column":18}},"type":"default-arg","locations":[{"start":{"line":15,"column":9},"end":{"line":15,"column":18}}],"line":15},"1":{"loc":{"start":{"line":24,"column":8},"end":{"line":24,"column":55}},"type":"cond-expr","locations":[{"start":{"line":24,"column":29},"end":{"line":24,"column":43}},{"start":{"line":24,"column":46},"end":{"line":24,"column":55}}],"line":24},"2":{"loc":{"start":{"line":25,"column":8},"end":{"line":25,"column":51}},"type":"cond-expr","locations":[{"start":{"line":25,"column":27},"end":{"line":25,"column":39}},{"start":{"line":25,"column":42},"end":{"line":25,"column":51}}],"line":25},"3":{"loc":{"start":{"line":26,"column":8},"end":{"line":26,"column":71}},"type":"cond-expr","locations":[{"start":{"line":26,"column":37},"end":{"line":26,"column":59}},{"start":{"line":26,"column":62},"end":{"line":26,"column":71}}],"line":26},"4":{"loc":{"start":{"line":27,"column":8},"end":{"line":27,"column":57}},"type":"cond-expr","locations":[{"start":{"line":27,"column":30},"end":{"line":27,"column":45}},{"start":{"line":27,"column":48},"end":{"line":27,"column":57}}],"line":27},"5":{"loc":{"start":{"line":28,"column":8},"end":{"line":28,"column":49}},"type":"cond-expr","locations":[{"start":{"line":28,"column":26},"end":{"line":28,"column":37}},{"start":{"line":28,"column":40},"end":{"line":28,"column":49}}],"line":28}},"s":{"0":9,"1":9,"2":2},"f":{"0":9},"b":{"0":[5],"1":[5,4],"2":[2,7],"3":[0,9],"4":[1,8],"5":[1,8]},"_coverageSchema":"1a1c01bbd47fc00a2c39e90264f33305004495a9","hash":"803e4048f00600f6352d3e41b64f922440172458"}
,"C:\\Users\\visha\\projects\\llm-app\\constants\\Colors.ts": {"path":"C:\\Users\\visha\\projects\\llm-app\\constants\\Colors.ts","statementMap":{"0":{"start":{"line":6,"column":23},"end":{"line":6,"column":32}},"1":{"start":{"line":7,"column":22},"end":{"line":7,"column":31}},"2":{"start":{"line":9,"column":22},"end":{"line":34,"column":1}}},"fnMap":{},"branchMap":{},"s":{"0":2,"1":2,"2":2},"f":{},"b":{},"_coverageSchema":"1a1c01bbd47fc00a2c39e90264f33305004495a9","hash":"188533505c902c89aa1371d482998db8138bb3b8"}
,"C:\\Users\\visha\\projects\\llm-app\\hooks\\useColorScheme.ts": {"path":"C:\\Users\\visha\\projects\\llm-app\\hooks\\useColorScheme.ts","statementMap":{},"fnMap":{},"branchMap":{},"s":{},"f":{},"b":{},"_coverageSchema":"1a1c01bbd47fc00a2c39e90264f33305004495a9","hash":"b3bfbc626d0328283f63710e73c3cf5c78d420cc"}
,"C:\\Users\\visha\\projects\\llm-app\\hooks\\useThemeColor.ts": {"path":"C:\\Users\\visha\\projects\\llm-app\\hooks\\useThemeColor.ts","statementMap":{"0":{"start":{"line":13,"column":16},"end":{"line":13,"column":43}},"1":{"start":{"line":14,"column":25},"end":{"line":14,"column":37}},"2":{"start":{"line":16,"column":2},"end":{"line":20,"column":3}},"3":{"start":{"line":17,"column":4},"end":{"line":17,"column":26}},"4":{"start":{"line":19,"column":4},"end":{"line":19,"column":36}}},"fnMap":{"0":{"name":"useThemeColor","decl":{"start":{"line":9,"column":16},"end":{"line":9,"column":29}},"loc":{"start":{"line":12,"column":2},"end":{"line":21,"column":1}},"line":12}},"branchMap":{"0":{"loc":{"start":{"line":13,"column":16},"end":{"line":13,"column":43}},"type":"binary-expr","locations":[{"start":{"line":13,"column":16},"end":{"line":13,"column":32}},{"start":{"line":13,"column":36},"end":{"line":13,"column":43}}],"line":13},"1":{"loc":{"start":{"line":16,"column":2},"end":{"line":20,"column":3}},"type":"if","locations":[{"start":{"line":16,"column":2},"end":{"line":20,"column":3}},{"start":{"line":18,"column":9},"end":{"line":20,"column":3}}],"line":16}},"s":{"0":9,"1":9,"2":9,"3":0,"4":9},"f":{"0":9},"b":{"0":[9,0],"1":[0,9]},"_coverageSchema":"1a1c01bbd47fc00a2c39e90264f33305004495a9","hash":"08a908c338d24cc95f9c60a04147556e6fc6a88a"}
}
