TN:
SF:app\(tabs)\index.tsx
FN:5,(anonymous_0)
FN:7,HomeScreen
FNF:2
FNH:1
FNDA:3,(anonymous_0)
FNDA:0,HomeScreen
DA:5,3
DA:8,0
LF:2
LH:1
BRF:0
BRH:0
end_of_record
TN:
SF:components\ChatView.tsx
FN:23,(anonymous_0)
FN:42,(anonymous_1)
FN:50,(anonymous_2)
FN:55,(anonymous_3)
FN:59,(anonymous_4)
FN:108,(anonymous_5)
FN:112,(anonymous_6)
FN:129,(anonymous_7)
FN:133,(anonymous_8)
FN:143,(anonymous_9)
FNF:10
FNH:7
FNDA:12,(anonymous_0)
FNDA:0,(anonymous_1)
FNDA:0,(anonymous_2)
FNDA:1,(anonymous_3)
FNDA:1,(anonymous_4)
FNDA:48,(anonymous_5)
FNDA:1,(anonymous_6)
FNDA:48,(anonymous_7)
FNDA:1,(anonymous_8)
FNDA:0,(anonymous_9)
DA:23,2
DA:24,12
DA:25,12
DA:26,12
DA:28,12
DA:35,12
DA:42,12
DA:43,0
DA:44,0
DA:50,0
DA:51,0
DA:55,12
DA:56,1
DA:59,12
DA:61,1
DA:64,12
DA:109,48
DA:112,1
DA:130,48
DA:133,1
DA:144,0
LF:21
LH:16
BRDA:23,0,0,12
BRDA:43,1,0,0
BRDA:43,1,1,0
BRDA:99,2,0,12
BRDA:99,2,1,0
BRDA:147,3,0,0
BRDA:147,3,1,0
BRDA:153,4,0,0
BRDA:153,4,1,0
BRDA:201,5,0,2
BRDA:201,5,1,10
BRF:11
BRH:4
end_of_record
TN:
SF:components\ThemedText.tsx
FN:11,ThemedText
FNF:1
FNH:1
FNDA:9,ThemedText
DA:18,9
DA:20,9
DA:36,2
LF:3
LH:3
BRDA:15,0,0,5
BRDA:24,1,0,5
BRDA:24,1,1,4
BRDA:25,2,0,2
BRDA:25,2,1,7
BRDA:26,3,0,0
BRDA:26,3,1,9
BRDA:27,4,0,1
BRDA:27,4,1,8
BRDA:28,5,0,1
BRDA:28,5,1,8
BRF:11
BRH:10
end_of_record
TN:
SF:constants\Colors.ts
FNF:0
FNH:0
DA:6,2
DA:7,2
DA:9,2
LF:3
LH:3
BRF:0
BRH:0
end_of_record
TN:
SF:hooks\useColorScheme.ts
FNF:0
FNH:0
LF:0
LH:0
BRF:0
BRH:0
end_of_record
TN:
SF:hooks\useThemeColor.ts
FN:9,useThemeColor
FNF:1
FNH:1
FNDA:9,useThemeColor
DA:13,9
DA:14,9
DA:16,9
DA:17,0
DA:19,9
LF:5
LH:4
BRDA:13,0,0,9
BRDA:13,0,1,0
BRDA:16,1,0,0
BRDA:16,1,1,9
BRF:4
BRH:2
end_of_record
